make --print-directory APPLICATION=hydro_tstp_station clean1 all1; make --print-directory APPLICATION=hydro_hu_gateway clean1 all1; make --print-directory APPLICATION=producer_consumer clean1 all1; make --print-directory APPLICATION=testeID clean1 all1; make --print-directory APPLICATION=gateway_testbed clean1 all1; make --print-directory APPLICATION=lux_sensor clean1 all1; make --print-directory APPLICATION=temperature_sensor clean1 all1; make --print-directory APPLICATION=water_flow_sensor clean1 all1; make --print-directory APPLICATION=smart_plug clean1 all1; make --print-directory APPLICATION=pluviometer clean1 all1; make --print-directory APPLICATION=gateway_ssb clean1 all1; make --print-directory APPLICATION=flash_logger_test clean1 all1; make --print-directory APPLICATION=hello clean1 all1; make --print-directory APPLICATION=gateway_os2 clean1 all1; make --print-directory APPLICATION=tstp_sensor clean1 all1; make --print-directory APPLICATION=emote3_sleep_test clean1 all1; make --print-directory APPLICATION=emote3_radio clean1 all1; make --print-directory APPLICATION=emote3_sensors_test clean1 all1; make --print-directory APPLICATION=emote3_w400_test clean1 all1; make --print-directory APPLICATION=emote3_pwm_test clean1 all1; make --print-directory APPLICATION=emote3_gprs_uart_bypass clean1 all1; make --print-directory APPLICATION=emote3_gps_test clean1 all1; make --print-directory APPLICATION=emote3_mfrc522_test clean1 all1; make --print-directory APPLICATION=emote3_test clean1 all1; make --print-directory APPLICATION=emote3_gpio_interrupt_test clean1 all1; make --print-directory APPLICATION=emote3_gprs_tcp_test clean1 all1; make --print-directory APPLICATION=emote3_gprs_http_test clean1 all1; make --print-directory APPLICATION=emote3_spi_test clean1 all1; make --print-directory APPLICATION=led_blink clean1 all1; make --print-directory APPLICATION=outlet_b0 clean1 all1; make --print-directory APPLICATION=gateway_no_security clean1 all1; make --print-directory APPLICATION=outlet_b1 clean1 all1; make --print-directory APPLICATION=outlet_b9 clean1 all1; make --print-directory APPLICATION=lights_a4 clean1 all1; make --print-directory APPLICATION=lights_a6 clean1 all1; make --print-directory APPLICATION=lights_a5 clean1 all1; make --print-directory APPLICATION=outlet_b3 clean1 all1; make --print-directory APPLICATION=outlet_c0 clean1 all1; make --print-directory APPLICATION=power_meter_test clean1 all1; make --print-directory APPLICATION=presence_d0 clean1 all1; make --print-directory APPLICATION=outlet_bd clean1 all1; make --print-directory APPLICATION=lights_a7 clean1 all1; make --print-directory APPLICATION=lights_a0 clean1 all1; make --print-directory APPLICATION=lights_a3 clean1 all1; make --print-directory APPLICATION=lights_a2 clean1 all1; make --print-directory APPLICATION=outlet_c1 clean1 all1; make --print-directory APPLICATION=sensors_a2 clean1 all1; make --print-directory APPLICATION=outlet_b4 clean1 all1; make --print-directory APPLICATION=lights_a1 clean1 all1; make --print-directory APPLICATION=outlet_b8 clean1 all1; make --print-directory APPLICATION=sht11_test clean1 all1; make --print-directory APPLICATION=cm1101_test clean1 all1; make --print-directory APPLICATION=outlet_b2 clean1 all1; make --print-directory APPLICATION=gateway clean1 all1; make --print-directory APPLICATION=outlet_b5 clean1 all1; make --print-directory APPLICATION=outlet_bb clean1 all1; make --print-directory APPLICATION=luminosity_d5 clean1 all1; make --print-directory APPLICATION=outlet_bc clean1 all1; make --print-directory APPLICATION=outlet_b7 clean1 all1; make --print-directory APPLICATION=outlet_ba clean1 all1; make --print-directory APPLICATION=outlet_bf clean1 all1; make --print-directory APPLICATION=sensors_a3 clean1 all1; make --print-directory APPLICATION=lights_a8 clean1 all1; make --print-directory APPLICATION=temperature_da clean1 all1; make --print-directory APPLICATION=outlet_b6 clean1 all1; make --print-directory APPLICATION=outlet_be clean1 all1; make --print-directory APPLICATION=gpio_sensor clean1 all1; make --print-directory APPLICATION=sensor_os2 clean1 all1; make --print-directory APPLICATION=tstp_gateway clean1 all1; make --print-directory APPLICATION=ultrasonic_logger clean1 all1; make --print-directory APPLICATION=ultrasonic_distance_meter clean1 all1; make --print-directory APPLICATION=id_sender clean1 all1; make --print-directory APPLICATION=radioTeste clean1 all1; make --print-directory APPLICATION=hydro_tstp_gprs_gateway clean1 all1; make --print-directory APPLICATION=messages clean1 all1; make --print-directory APPLICATION=interface clean1 all1; make --print-directory APPLICATION=sensors clean1 all1; make --print-directory APPLICATION=sender clean1 all1; make --print-directory APPLICATION=flash clean1 all1; make --print-directory APPLICATION=id_commander clean1 all1; make --print-directory APPLICATION=emote3_nic_programmer clean1 all1; make --print-directory APPLICATION=emote3_bootloader clean1 all1; make --print-directory APPLICATION=hydro_station_app clean1 all1; make --print-directory APPLICATION=tst_sink clean1 all1; make --print-directory APPLICATION=tstp_mac_test clean1 all1; make --print-directory APPLICATION=USB clean1 all1; make --print-directory APPLICATION=concurrent_philosophers_dinner clean1 all1; make --print-directory APPLICATION=send_receive clean1 all1; make --print-directory APPLICATION=samsung_ac_sender clean1 all1; make --print-directory APPLICATION=outlet_b0 clean1 all1; make --print-directory APPLICATION=outlet_b1 clean1 all1; make --print-directory APPLICATION=lights_a0 clean1 all1; make --print-directory APPLICATION=lights_a2 clean1 all1; make --print-directory APPLICATION=lights_a1 clean1 all1; make --print-directory APPLICATION=gateway clean1 all1; make --print-directory APPLICATION=accontrol_a9 clean1 all1; make --print-directory APPLICATION=samsung_ac_receiver clean1 all1; make --print-directory APPLICATION=smart_door clean1 all1; make --print-directory APPLICATION=smart_plug clean1 all1; make --print-directory APPLICATION=hydrology_sender_with_flash clean1 all1; make --print-directory APPLICATION=hydrology_sender clean1 all1; make --print-directory APPLICATION=hydrology_logger clean1 all1; make --print-directory APPLICATION=hydrology_collector clean1 all1; make --print-directory APPLICATION=hydrology_flash_eraser clean1 all1; make --print-directory APPLICATION=adc_test clean1 all1;
make[1]: Entering directory '/home/decker/Documents/SOII/TrabalhoFinal'
(cd etc && make -i clean)
make[2]: Entering directory '/home/decker/Documents/SOII/TrabalhoFinal/etc'
sed -e 's/^#define MODE.*$/#define MODE xxx/' -i /home/decker/Documents/SOII/TrabalhoFinal/include/system/config.h
sed -e 's/^#define ARCH.*$/#define ARCH xxx/' -i /home/decker/Documents/SOII/TrabalhoFinal/include/system/config.h
sed -e 's/^#define MACH.*$/#define MACH xxx/' -i /home/decker/Documents/SOII/TrabalhoFinal/include/system/config.h
sed -e 's/^#define MMOD.*$/#define MMOD xxx/' -i /home/decker/Documents/SOII/TrabalhoFinal/include/system/config.h
sed -e 's/^#define APPL.*$/#define APPL xxx/' -i /home/decker/Documents/SOII/TrabalhoFinal/include/system/config.h
sed -e 's/^#define __mode_.*__$/#define __mode_xxx__/' -i /home/decker/Documents/SOII/TrabalhoFinal/include/system/config.h
sed -e 's/^#define __arch_.*__$/#define __arch_xxx__/' -i /home/decker/Documents/SOII/TrabalhoFinal/include/system/config.h
sed -e 's/^#define __mach_.*__$/#define __mach_xxx__/' -i /home/decker/Documents/SOII/TrabalhoFinal/include/system/config.h
sed -e 's/^#define __mmod_.*__$/#define __mmod_xxx__/' -i /home/decker/Documents/SOII/TrabalhoFinal/include/system/config.h
rm -f *.conf
make[2]: Leaving directory '/home/decker/Documents/SOII/TrabalhoFinal/etc'
(cd app && make -i clean)
make[2]: Entering directory '/home/decker/Documents/SOII/TrabalhoFinal/app'
rm -f *.o hydro_tstp_station
make[2]: Leaving directory '/home/decker/Documents/SOII/TrabalhoFinal/app'
(cd img && make -i clean)
make[2]: Entering directory '/home/decker/Documents/SOII/TrabalhoFinal/img'
rm -f  hydro_tstp_station
make[2]: Leaving directory '/home/decker/Documents/SOII/TrabalhoFinal/img'
(cd src && make -i clean)
make[2]: Entering directory '/home/decker/Documents/SOII/TrabalhoFinal/src'
make MAKE:="make -i clean" utility architecture machine component setup boot system init
make[3]: Entering directory '/home/decker/Documents/SOII/TrabalhoFinal/src'
(cd utility && make -i clean)
make[4]: Entering directory '/home/decker/Documents/SOII/TrabalhoFinal/src/utility'
rm -f *.o *_test
make[4]: Leaving directory '/home/decker/Documents/SOII/TrabalhoFinal/src/utility'
(cd architecture && make -i clean)
make[4]: Entering directory '/home/decker/Documents/SOII/TrabalhoFinal/src/architecture'
make MAKE:="make -i clean" armv7 ia32
make[5]: Entering directory '/home/decker/Documents/SOII/TrabalhoFinal/src/architecture'
(cd armv7 && make -i clean)
make[6]: Entering directory '/home/decker/Documents/SOII/TrabalhoFinal/src/architecture/armv7'
make[1]: *** [makefile:78: clean1] Terminated
make[5]: *** wait: No child processes.  Stop.
make[5]: *** Waiting for unfinished jobs....
make[5]: *** wait: No child processes.  Stop.
make[3]: [makefile:10: architecture] Terminated (ignored)
make[4]: [makefile:17: clean] Error 2 (ignored)
make[2]: [makefile:13: clean] Terminated (ignored)
make: *** [makefile:9: all] Terminated
